frontend/android/capacitor-cordova-android-plugins/build/intermediates/manifest_merge_blame_file/debug/manifest-merger-blame-debug-report.txt
1<?xml version="1.0" encoding="utf-8"?>
2<manifest xmlns:amazon="http://schemas.amazon.com/apk/res/android"
3    xmlns:android="http://schemas.android.com/apk/res/android"
4    package="capacitor.cordova.android.plugins" >
5
6    <uses-sdk android:minSdkVersion="24" />
6-->src/main/AndroidManifest.xml
7
8    <uses-permission android:name="com.android.vending.BILLING" />
8-->src/main/AndroidManifest.xml:7:1-62
8-->src/main/AndroidManifest.xml:7:18-60
9
10    <application>
10-->src/main/AndroidManifest.xml:4:1-6:15
11    </application>
12
13</manifest>